Arguments: 
  /home/umar/.nvm/versions/node/v16.13.1/bin/node /usr/share/yarn/bin/yarn.js add v1.22.5

PATH: 
  /home/umar/.nodenv/bin:/home/umar/.rbenv/plugins/ruby-build/bin:/home/umar/.rbenv/shims:/home/umar/.rbenv/bin:/home/umar/.rbenv/plugins/ruby-build/bin:/home/umar/.rbenv/shims:/home/umar/.rbenv/bin:/home/umar/.cache/cloud-code/installer/google-cloud-sdk/bin:/home/umar/.nodenv/bin:/home/umar/.nvm/versions/node/v16.13.1/bin:/home/umar/.rbenv/plugins/ruby-build/bin:/home/umar/.rbenv/shims:/home/umar/.rbenv/bin:/home/umar/.rbenv/plugins/ruby-build/bin:/home/umar/.rbenv/shims:/home/umar/.rbenv/bin:/usr/local/sbin:/usr/local/bin:/usr/sbin:/usr/bin:/sbin:/bin:/usr/games:/usr/local/games:/snap/bin:/usr/share/rvm/bin

Yarn version: 
  1.22.5

Node version: 
  16.13.1

Platform: 
  linux x64

Trace: 
  SyntaxError: /home/umar/ROR_Projects/alpha_blog/package.json: Unexpected end of JSON input
      at JSON.parse (<anonymous>)
      at /usr/share/yarn/lib/cli.js:1625:59
      at Generator.next (<anonymous>)
      at step (/usr/share/yarn/lib/cli.js:310:30)
      at /usr/share/yarn/lib/cli.js:321:13

npm manifest: 
  

yarn manifest: 
  No manifest

Lockfile: 
  # THIS IS AN AUTOGENERATED FILE. DO NOT EDIT THIS FILE DIRECTLY.
  # yarn lockfile v1
  
  
  bootstrap@5.2.1:
    version "5.2.1"
    resolved "https://registry.yarnpkg.com/bootstrap/-/bootstrap-5.2.1.tgz#45f97ff05cbe828bad807b014d8425f3aeb8ec3a"
    integrity sha512-UQi3v2NpVPEi1n35dmRRzBJFlgvWHYwyem6yHhuT6afYF+sziEt46McRbT//kVXZ7b1YUYEVGdXEH74Nx3xzGA==
  
  jquery@^3.6.1:
    version "3.6.1"
    resolved "https://registry.yarnpkg.com/jquery/-/jquery-3.6.1.tgz#fab0408f8b45fc19f956205773b62b292c147a16"
    integrity sha512-opJeO4nCucVnsjiXOE+/PcCgYw9Gwpvs/a6B1LL/lQhwWwpbVEVYDZ1FokFr8PRc7ghYlrFPuyHuiiDNTQxmcw==
  
  popper.js@^1.16.1:
    version "1.16.1"
    resolved "https://registry.yarnpkg.com/popper.js/-/popper.js-1.16.1.tgz#2a223cb3dc7b6213d740e40372be40de43e65b1b"
    integrity sha512-Wb4p1J4zyFTbM+u6WuO4XstYx4Ky9Cewe4DWrel7B0w6VVICvPwdOpotjzcf6eD8TsckVnIMNONQyPIUFOUbCQ==
